<?xml version="1.0" encoding="UTF-8"?>
<!-- Generated by org.testng.reporters.JUnitXMLReporter -->
<testsuite hostname="LAPTOP-5I3A2SA0" ignored="1" name="Test" tests="15" failures="0" timestamp="2020-07-06T01:01:03 IST" time="1.155" errors="0">
  <testcase name="@BeforeTest startReport" time="-1.593977462346E9" classname="BasePackage.Extent">
    <failure type="org.testng.TestNGException" message="
Parameter &amp;apos;OS&amp;apos; is required by BeforeTest on method startReport but has not been marked @Optional or defined
in C:\Users\sivaram loknath\eclipse-workspace\new\happy\testng.xml">
      <![CDATA[org.testng.TestNGException: 
Parameter 'OS' is required by BeforeTest on method startReport but has not been marked @Optional or defined
in C:\Users\sivaram loknath\eclipse-workspace\new\happy\testng.xml
... Removed 21 stack frames]]>
    </failure>
  </testcase> <!-- @BeforeTest startReport -->
  <testcase name="@BeforeMethod TestSetup" time="-1.593977463374E9" classname="happytrip.com.Login">
    <skipped/>
  </testcase> <!-- @BeforeMethod TestSetup -->
  <testcase name="@AfterMethod teardown" time="-1.593977463393E9" classname="happytrip.com.Login">
    <skipped/>
  </testcase> <!-- @AfterMethod teardown -->
  <testcase name="@BeforeMethod TestSetup" time="-1.593977463395E9" classname="happytrip.com.Login">
    <skipped/>
  </testcase> <!-- @BeforeMethod TestSetup -->
  <testcase name="@AfterMethod teardown" time="-1.593977463402E9" classname="happytrip.com.Login">
    <skipped/>
  </testcase> <!-- @AfterMethod teardown -->
  <testcase name="@BeforeMethod TestSetup" time="-1.593977463404E9" classname="happytrip.com.Login">
    <skipped/>
  </testcase> <!-- @BeforeMethod TestSetup -->
  <testcase name="@AfterMethod teardown" time="-1.593977463409E9" classname="happytrip.com.Login">
    <skipped/>
  </testcase> <!-- @AfterMethod teardown -->
  <testcase name="@BeforeMethod TestSetup" time="-1.593977463411E9" classname="happytrip.com.Login">
    <skipped/>
  </testcase> <!-- @BeforeMethod TestSetup -->
  <testcase name="@AfterMethod teardown" time="-1.593977463415E9" classname="happytrip.com.Login">
    <skipped/>
  </testcase> <!-- @AfterMethod teardown -->
  <testcase name="@BeforeMethod TestSetup" time="-1.593977463417E9" classname="happytrip.com.Login">
    <skipped/>
  </testcase> <!-- @BeforeMethod TestSetup -->
  <testcase name="@AfterMethod teardown" time="-1.593977463423E9" classname="happytrip.com.Login">
    <skipped/>
  </testcase> <!-- @AfterMethod teardown -->
  <testcase name="@BeforeMethod TestSetup" time="-1.593977463425E9" classname="happytrip.com.Login">
    <skipped/>
  </testcase> <!-- @BeforeMethod TestSetup -->
  <testcase name="@AfterMethod teardown" time="-1.593977463431E9" classname="happytrip.com.Login">
    <skipped/>
  </testcase> <!-- @AfterMethod teardown -->
  <testcase name="@BeforeMethod TestSetup" time="-1.593977463434E9" classname="happytrip.com.Login">
    <skipped/>
  </testcase> <!-- @BeforeMethod TestSetup -->
  <testcase name="@AfterMethod teardown" time="-1.593977463439E9" classname="happytrip.com.Login">
    <skipped/>
  </testcase> <!-- @AfterMethod teardown -->
  <testcase name="@BeforeMethod TestSetup" time="-1.593977463441E9" classname="happytrip.com.Login">
    <skipped/>
  </testcase> <!-- @BeforeMethod TestSetup -->
  <testcase name="@AfterMethod teardown" time="-1.593977463448E9" classname="happytrip.com.Login">
    <skipped/>
  </testcase> <!-- @AfterMethod teardown -->
  <testcase name="@BeforeMethod TestSetup" time="-1.59397746345E9" classname="happytrip.com.Login">
    <skipped/>
  </testcase> <!-- @BeforeMethod TestSetup -->
  <testcase name="@AfterMethod teardown" time="-1.593977463455E9" classname="happytrip.com.Login">
    <skipped/>
  </testcase> <!-- @AfterMethod teardown -->
  <testcase name="@BeforeMethod TestSetup" time="-1.593977463456E9" classname="happytrip.com.Login">
    <skipped/>
  </testcase> <!-- @BeforeMethod TestSetup -->
  <testcase name="@AfterMethod teardown" time="-1.593977463462E9" classname="happytrip.com.Login">
    <skipped/>
  </testcase> <!-- @AfterMethod teardown -->
  <testcase name="@AfterMethod getResult" time="-1.593977463472E9" classname="BasePackage.Extent">
    <skipped/>
  </testcase> <!-- @AfterMethod getResult -->
  <testcase name="@AfterMethod getResult" time="-1.593977463478E9" classname="BasePackage.Extent">
    <skipped/>
  </testcase> <!-- @AfterMethod getResult -->
  <testcase name="@AfterMethod getResult" time="-1.593977463484E9" classname="BasePackage.Extent">
    <skipped/>
  </testcase> <!-- @AfterMethod getResult -->
  <testcase name="@AfterMethod getResult" time="-1.593977463488E9" classname="BasePackage.Extent">
    <skipped/>
  </testcase> <!-- @AfterMethod getResult -->
  <testcase name="@AfterMethod getResult" time="-1.593977463492E9" classname="BasePackage.Extent">
    <skipped/>
  </testcase> <!-- @AfterMethod getResult -->
  <testcase name="@AfterTest tearDown" time="-1.593977463494E9" classname="BasePackage.Extent">
    <skipped/>
  </testcase> <!-- @AfterTest tearDown -->
  <testcase name="loginAsAdmin" time="0.0" classname="happytrip.com.Login">
    <skipped/>
  </testcase> <!-- loginAsAdmin -->
  <testcase name="loginAsAdmin" time="0.0" classname="happytrip.com.Login">
    <skipped/>
  </testcase> <!-- loginAsAdmin -->
  <testcase name="loginAsAdmin" time="0.0" classname="happytrip.com.Login">
    <skipped/>
  </testcase> <!-- loginAsAdmin -->
  <testcase name="loginAsAdmin" time="0.0" classname="happytrip.com.Login">
    <skipped/>
  </testcase> <!-- loginAsAdmin -->
  <testcase name="loginAsAdmin" time="0.0" classname="happytrip.com.Login">
    <skipped/>
  </testcase> <!-- loginAsAdmin -->
  <testcase name="loginAsAdmin" time="0.0" classname="happytrip.com.Login">
    <skipped/>
  </testcase> <!-- loginAsAdmin -->
  <testcase name="loginAsAdmin" time="0.0" classname="happytrip.com.Login">
    <skipped/>
  </testcase> <!-- loginAsAdmin -->
  <testcase name="loginAsAdmin" time="0.0" classname="happytrip.com.Login">
    <skipped/>
  </testcase> <!-- loginAsAdmin -->
  <testcase name="loginAsAdmin" time="0.0" classname="happytrip.com.Login">
    <skipped/>
  </testcase> <!-- loginAsAdmin -->
  <testcase name="loginAsAdmin" time="0.0" classname="happytrip.com.Login">
    <skipped/>
  </testcase> <!-- loginAsAdmin -->
  <testcase name="testCase1" time="0.0" classname="BasePackage.Extent">
    <skipped/>
  </testcase> <!-- testCase1 -->
  <testcase name="testCase2" time="0.0" classname="BasePackage.Extent">
    <skipped/>
  </testcase> <!-- testCase2 -->
  <testcase name="testCase3" time="0.0" classname="BasePackage.Extent">
    <skipped/>
  </testcase> <!-- testCase3 -->
  <testcase name="testCase4" time="0.0" classname="BasePackage.Extent">
    <skipped/>
  </testcase> <!-- testCase4 -->
  <testcase name="testCase5" time="0.0" classname="BasePackage.Extent">
    <skipped/>
  </testcase> <!-- testCase5 -->
  <testcase name="testCase6" time="0.0" classname="BasePackage.Extent">
    <ignored/>
  </testcase> <!-- testCase6 -->
</testsuite> <!-- Test -->
