<?xml version="1.0" encoding="UTF-8"?>
<testng-results skipped="0" failed="0" ignored="0" total="10" passed="10">
  <reporter-output>
  </reporter-output>
  <suite name="HappyTrip Test Suite" duration-ms="168325" started-at="2020-07-06T19:10:50 IST" finished-at="2020-07-06T19:13:39 IST">
    <groups>
    </groups>
    <test name="Flight Schedule Tests" duration-ms="168325" started-at="2020-07-06T19:10:50 IST" finished-at="2020-07-06T19:13:39 IST">
      <class name="happytrip.com.Login">
        <test-method status="PASS" signature="TestSetup()[pri:0, instance:happytrip.com.Login@131276c2]" name="TestSetup" is-config="true" duration-ms="14200" started-at="2020-07-06T19:10:53 IST" finished-at="2020-07-06T19:11:07 IST">
          <reporter-output>
          </reporter-output>
        </test-method> <!-- TestSetup -->
        <test-method status="PASS" signature="loginAsAdmin(java.lang.String, java.lang.String, java.lang.String, java.lang.String, java.lang.String, java.lang.String, java.lang.String, java.lang.String, java.lang.String)[pri:0, instance:happytrip.com.Login@131276c2]" name="loginAsAdmin" duration-ms="7711" started-at="2020-07-06T19:11:07 IST" data-provider="empLogin" finished-at="2020-07-06T19:11:15 IST">
          <params>
            <param index="0">
              <value>
                <![CDATA[admin@mindtree.com]]>
              </value>
            </param>
            <param index="1">
              <value>
                <![CDATA[admin]]>
              </value>
            </param>
            <param index="2">
              <value>
                <![CDATA[AirAsia]]>
              </value>
            </param>
            <param index="3">
              <value>
                <![CDATA[1]]>
              </value>
            </param>
            <param index="4">
              <value>
                <![CDATA[1200]]>
              </value>
            </param>
            <param index="5">
              <value>
                <![CDATA[0000]]>
              </value>
            </param>
            <param index="6">
              <value>
                <![CDATA[0500]]>
              </value>
            </param>
            <param index="7">
              <value>
                <![CDATA[1055]]>
              </value>
            </param>
            <param index="8">
              <value>
                <![CDATA[2135]]>
              </value>
            </param>
          </params>
          <reporter-output>
          </reporter-output>
        </test-method> <!-- loginAsAdmin -->
        <test-method status="PASS" signature="teardown()[pri:0, instance:happytrip.com.Login@131276c2]" name="teardown" is-config="true" duration-ms="205" started-at="2020-07-06T19:11:15 IST" finished-at="2020-07-06T19:11:15 IST">
          <reporter-output>
          </reporter-output>
        </test-method> <!-- teardown -->
        <test-method status="PASS" signature="TestSetup()[pri:0, instance:happytrip.com.Login@131276c2]" name="TestSetup" is-config="true" duration-ms="15904" started-at="2020-07-06T19:11:15 IST" finished-at="2020-07-06T19:11:31 IST">
          <reporter-output>
          </reporter-output>
        </test-method> <!-- TestSetup -->
        <test-method status="PASS" signature="loginAsAdmin(java.lang.String, java.lang.String, java.lang.String, java.lang.String, java.lang.String, java.lang.String, java.lang.String, java.lang.String, java.lang.String)[pri:0, instance:happytrip.com.Login@131276c2]" name="loginAsAdmin" duration-ms="6958" started-at="2020-07-06T19:11:31 IST" data-provider="empLogin" finished-at="2020-07-06T19:11:38 IST">
          <params>
            <param index="0">
              <value>
                <![CDATA[admin@mindtree.com]]>
              </value>
            </param>
            <param index="1">
              <value>
                <![CDATA[admin]]>
              </value>
            </param>
            <param index="2">
              <value>
                <![CDATA[DelhiFlights]]>
              </value>
            </param>
            <param index="3">
              <value>
                <![CDATA[2]]>
              </value>
            </param>
            <param index="4">
              <value>
                <![CDATA[1110]]>
              </value>
            </param>
            <param index="5">
              <value>
                <![CDATA[0200]]>
              </value>
            </param>
            <param index="6">
              <value>
                <![CDATA[0600]]>
              </value>
            </param>
            <param index="7">
              <value>
                <![CDATA[3554]]>
              </value>
            </param>
            <param index="8">
              <value>
                <![CDATA[2145]]>
              </value>
            </param>
          </params>
          <reporter-output>
          </reporter-output>
        </test-method> <!-- loginAsAdmin -->
        <test-method status="PASS" signature="teardown()[pri:0, instance:happytrip.com.Login@131276c2]" name="teardown" is-config="true" duration-ms="81" started-at="2020-07-06T19:11:38 IST" finished-at="2020-07-06T19:11:38 IST">
          <reporter-output>
          </reporter-output>
        </test-method> <!-- teardown -->
        <test-method status="PASS" signature="TestSetup()[pri:0, instance:happytrip.com.Login@131276c2]" name="TestSetup" is-config="true" duration-ms="8168" started-at="2020-07-06T19:11:38 IST" finished-at="2020-07-06T19:11:46 IST">
          <reporter-output>
          </reporter-output>
        </test-method> <!-- TestSetup -->
        <test-method status="PASS" signature="loginAsAdmin(java.lang.String, java.lang.String, java.lang.String, java.lang.String, java.lang.String, java.lang.String, java.lang.String, java.lang.String, java.lang.String)[pri:0, instance:happytrip.com.Login@131276c2]" name="loginAsAdmin" duration-ms="6717" started-at="2020-07-06T19:11:46 IST" data-provider="empLogin" finished-at="2020-07-06T19:11:53 IST">
          <params>
            <param index="0">
              <value>
                <![CDATA[admin@mindtree.com]]>
              </value>
            </param>
            <param index="1">
              <value>
                <![CDATA[admin]]>
              </value>
            </param>
            <param index="2">
              <value>
                <![CDATA[Humsafar]]>
              </value>
            </param>
            <param index="3">
              <value>
                <![CDATA[3]]>
              </value>
            </param>
            <param index="4">
              <value>
                <![CDATA[1233]]>
              </value>
            </param>
            <param index="5">
              <value>
                <![CDATA[0300]]>
              </value>
            </param>
            <param index="6">
              <value>
                <![CDATA[0700]]>
              </value>
            </param>
            <param index="7">
              <value>
                <![CDATA[2153]]>
              </value>
            </param>
            <param index="8">
              <value>
                <![CDATA[3125]]>
              </value>
            </param>
          </params>
          <reporter-output>
          </reporter-output>
        </test-method> <!-- loginAsAdmin -->
        <test-method status="PASS" signature="teardown()[pri:0, instance:happytrip.com.Login@131276c2]" name="teardown" is-config="true" duration-ms="171" started-at="2020-07-06T19:11:53 IST" finished-at="2020-07-06T19:11:53 IST">
          <reporter-output>
          </reporter-output>
        </test-method> <!-- teardown -->
        <test-method status="PASS" signature="TestSetup()[pri:0, instance:happytrip.com.Login@131276c2]" name="TestSetup" is-config="true" duration-ms="7815" started-at="2020-07-06T19:11:53 IST" finished-at="2020-07-06T19:12:01 IST">
          <reporter-output>
          </reporter-output>
        </test-method> <!-- TestSetup -->
        <test-method status="PASS" signature="loginAsAdmin(java.lang.String, java.lang.String, java.lang.String, java.lang.String, java.lang.String, java.lang.String, java.lang.String, java.lang.String, java.lang.String)[pri:0, instance:happytrip.com.Login@131276c2]" name="loginAsAdmin" duration-ms="6552" started-at="2020-07-06T19:12:01 IST" data-provider="empLogin" finished-at="2020-07-06T19:12:07 IST">
          <params>
            <param index="0">
              <value>
                <![CDATA[admin@mindtree.com]]>
              </value>
            </param>
            <param index="1">
              <value>
                <![CDATA[admin]]>
              </value>
            </param>
            <param index="2">
              <value>
                <![CDATA[IATA]]>
              </value>
            </param>
            <param index="3">
              <value>
                <![CDATA[4]]>
              </value>
            </param>
            <param index="4">
              <value>
                <![CDATA[1122]]>
              </value>
            </param>
            <param index="5">
              <value>
                <![CDATA[0400]]>
              </value>
            </param>
            <param index="6">
              <value>
                <![CDATA[0800]]>
              </value>
            </param>
            <param index="7">
              <value>
                <![CDATA[1135]]>
              </value>
            </param>
            <param index="8">
              <value>
                <![CDATA[1865]]>
              </value>
            </param>
          </params>
          <reporter-output>
          </reporter-output>
        </test-method> <!-- loginAsAdmin -->
        <test-method status="PASS" signature="teardown()[pri:0, instance:happytrip.com.Login@131276c2]" name="teardown" is-config="true" duration-ms="189" started-at="2020-07-06T19:12:07 IST" finished-at="2020-07-06T19:12:07 IST">
          <reporter-output>
          </reporter-output>
        </test-method> <!-- teardown -->
        <test-method status="PASS" signature="TestSetup()[pri:0, instance:happytrip.com.Login@131276c2]" name="TestSetup" is-config="true" duration-ms="7479" started-at="2020-07-06T19:12:07 IST" finished-at="2020-07-06T19:12:15 IST">
          <reporter-output>
          </reporter-output>
        </test-method> <!-- TestSetup -->
        <test-method status="PASS" signature="loginAsAdmin(java.lang.String, java.lang.String, java.lang.String, java.lang.String, java.lang.String, java.lang.String, java.lang.String, java.lang.String, java.lang.String)[pri:0, instance:happytrip.com.Login@131276c2]" name="loginAsAdmin" duration-ms="5775" started-at="2020-07-06T19:12:15 IST" data-provider="empLogin" finished-at="2020-07-06T19:12:21 IST">
          <params>
            <param index="0">
              <value>
                <![CDATA[admin@mindtree.com]]>
              </value>
            </param>
            <param index="1">
              <value>
                <![CDATA[admin]]>
              </value>
            </param>
            <param index="2">
              <value>
                <![CDATA[KochinAirlines]]>
              </value>
            </param>
            <param index="3">
              <value>
                <![CDATA[5]]>
              </value>
            </param>
            <param index="4">
              <value>
                <![CDATA[1113]]>
              </value>
            </param>
            <param index="5">
              <value>
                <![CDATA[0500]]>
              </value>
            </param>
            <param index="6">
              <value>
                <![CDATA[0900]]>
              </value>
            </param>
            <param index="7">
              <value>
                <![CDATA[1125]]>
              </value>
            </param>
            <param index="8">
              <value>
                <![CDATA[2121]]>
              </value>
            </param>
          </params>
          <reporter-output>
          </reporter-output>
        </test-method> <!-- loginAsAdmin -->
        <test-method status="PASS" signature="teardown()[pri:0, instance:happytrip.com.Login@131276c2]" name="teardown" is-config="true" duration-ms="521" started-at="2020-07-06T19:12:21 IST" finished-at="2020-07-06T19:12:21 IST">
          <reporter-output>
          </reporter-output>
        </test-method> <!-- teardown -->
        <test-method status="PASS" signature="TestSetup()[pri:0, instance:happytrip.com.Login@131276c2]" name="TestSetup" is-config="true" duration-ms="8178" started-at="2020-07-06T19:12:21 IST" finished-at="2020-07-06T19:12:29 IST">
          <reporter-output>
          </reporter-output>
        </test-method> <!-- TestSetup -->
        <test-method status="PASS" signature="loginAsAdmin(java.lang.String, java.lang.String, java.lang.String, java.lang.String, java.lang.String, java.lang.String, java.lang.String, java.lang.String, java.lang.String)[pri:0, instance:happytrip.com.Login@131276c2]" name="loginAsAdmin" duration-ms="7077" started-at="2020-07-06T19:12:29 IST" data-provider="empLogin" finished-at="2020-07-06T19:12:37 IST">
          <params>
            <param index="0">
              <value>
                <![CDATA[admin@mindtree.com]]>
              </value>
            </param>
            <param index="1">
              <value>
                <![CDATA[admin]]>
              </value>
            </param>
            <param index="2">
              <value>
                <![CDATA[a]]>
              </value>
            </param>
            <param index="3">
              <value>
                <![CDATA[6]]>
              </value>
            </param>
            <param index="4">
              <value>
                <![CDATA[1021]]>
              </value>
            </param>
            <param index="5">
              <value>
                <![CDATA[0600]]>
              </value>
            </param>
            <param index="6">
              <value>
                <![CDATA[1000]]>
              </value>
            </param>
            <param index="7">
              <value>
                <![CDATA[1125]]>
              </value>
            </param>
            <param index="8">
              <value>
                <![CDATA[2545]]>
              </value>
            </param>
          </params>
          <reporter-output>
          </reporter-output>
        </test-method> <!-- loginAsAdmin -->
        <test-method status="PASS" signature="teardown()[pri:0, instance:happytrip.com.Login@131276c2]" name="teardown" is-config="true" duration-ms="97" started-at="2020-07-06T19:12:37 IST" finished-at="2020-07-06T19:12:37 IST">
          <reporter-output>
          </reporter-output>
        </test-method> <!-- teardown -->
        <test-method status="PASS" signature="TestSetup()[pri:0, instance:happytrip.com.Login@131276c2]" name="TestSetup" is-config="true" duration-ms="9356" started-at="2020-07-06T19:12:37 IST" finished-at="2020-07-06T19:12:46 IST">
          <reporter-output>
          </reporter-output>
        </test-method> <!-- TestSetup -->
        <test-method status="PASS" signature="loginAsAdmin(java.lang.String, java.lang.String, java.lang.String, java.lang.String, java.lang.String, java.lang.String, java.lang.String, java.lang.String, java.lang.String)[pri:0, instance:happytrip.com.Login@131276c2]" name="loginAsAdmin" duration-ms="5786" started-at="2020-07-06T19:12:46 IST" data-provider="empLogin" finished-at="2020-07-06T19:12:52 IST">
          <params>
            <param index="0">
              <value>
                <![CDATA[admin@mindtree.com]]>
              </value>
            </param>
            <param index="1">
              <value>
                <![CDATA[admin]]>
              </value>
            </param>
            <param index="2">
              <value>
                <![CDATA[bly123]]>
              </value>
            </param>
            <param index="3">
              <value>
                <![CDATA[7]]>
              </value>
            </param>
            <param index="4">
              <value>
                <![CDATA[1215]]>
              </value>
            </param>
            <param index="5">
              <value>
                <![CDATA[0700]]>
              </value>
            </param>
            <param index="6">
              <value>
                <![CDATA[1100]]>
              </value>
            </param>
            <param index="7">
              <value>
                <![CDATA[1125]]>
              </value>
            </param>
            <param index="8">
              <value>
                <![CDATA[4548]]>
              </value>
            </param>
          </params>
          <reporter-output>
          </reporter-output>
        </test-method> <!-- loginAsAdmin -->
        <test-method status="PASS" signature="teardown()[pri:0, instance:happytrip.com.Login@131276c2]" name="teardown" is-config="true" duration-ms="118" started-at="2020-07-06T19:12:52 IST" finished-at="2020-07-06T19:12:52 IST">
          <reporter-output>
          </reporter-output>
        </test-method> <!-- teardown -->
        <test-method status="PASS" signature="TestSetup()[pri:0, instance:happytrip.com.Login@131276c2]" name="TestSetup" is-config="true" duration-ms="8039" started-at="2020-07-06T19:12:52 IST" finished-at="2020-07-06T19:13:00 IST">
          <reporter-output>
          </reporter-output>
        </test-method> <!-- TestSetup -->
        <test-method status="PASS" signature="loginAsAdmin(java.lang.String, java.lang.String, java.lang.String, java.lang.String, java.lang.String, java.lang.String, java.lang.String, java.lang.String, java.lang.String)[pri:0, instance:happytrip.com.Login@131276c2]" name="loginAsAdmin" duration-ms="7506" started-at="2020-07-06T19:13:00 IST" data-provider="empLogin" finished-at="2020-07-06T19:13:07 IST">
          <params>
            <param index="0">
              <value>
                <![CDATA[admin@mindtree.com]]>
              </value>
            </param>
            <param index="1">
              <value>
                <![CDATA[admin]]>
              </value>
            </param>
            <param index="2">
              <value>
                <![CDATA[demo]]>
              </value>
            </param>
            <param index="3">
              <value>
                <![CDATA[8]]>
              </value>
            </param>
            <param index="4">
              <value>
                <![CDATA[1112]]>
              </value>
            </param>
            <param index="5">
              <value>
                <![CDATA[0800]]>
              </value>
            </param>
            <param index="6">
              <value>
                <![CDATA[1200]]>
              </value>
            </param>
            <param index="7">
              <value>
                <![CDATA[1125]]>
              </value>
            </param>
            <param index="8">
              <value>
                <![CDATA[3154]]>
              </value>
            </param>
          </params>
          <reporter-output>
          </reporter-output>
        </test-method> <!-- loginAsAdmin -->
        <test-method status="PASS" signature="teardown()[pri:0, instance:happytrip.com.Login@131276c2]" name="teardown" is-config="true" duration-ms="71" started-at="2020-07-06T19:13:07 IST" finished-at="2020-07-06T19:13:08 IST">
          <reporter-output>
          </reporter-output>
        </test-method> <!-- teardown -->
        <test-method status="PASS" signature="TestSetup()[pri:0, instance:happytrip.com.Login@131276c2]" name="TestSetup" is-config="true" duration-ms="8548" started-at="2020-07-06T19:13:08 IST" finished-at="2020-07-06T19:13:16 IST">
          <reporter-output>
          </reporter-output>
        </test-method> <!-- TestSetup -->
        <test-method status="PASS" signature="loginAsAdmin(java.lang.String, java.lang.String, java.lang.String, java.lang.String, java.lang.String, java.lang.String, java.lang.String, java.lang.String, java.lang.String)[pri:0, instance:happytrip.com.Login@131276c2]" name="loginAsAdmin" duration-ms="5644" started-at="2020-07-06T19:13:16 IST" data-provider="empLogin" finished-at="2020-07-06T19:13:22 IST">
          <params>
            <param index="0">
              <value>
                <![CDATA[admin@mindtree.com]]>
              </value>
            </param>
            <param index="1">
              <value>
                <![CDATA[admin]]>
              </value>
            </param>
            <param index="2">
              <value>
                <![CDATA[yoyo001]]>
              </value>
            </param>
            <param index="3">
              <value>
                <![CDATA[9]]>
              </value>
            </param>
            <param index="4">
              <value>
                <![CDATA[1235]]>
              </value>
            </param>
            <param index="5">
              <value>
                <![CDATA[0900]]>
              </value>
            </param>
            <param index="6">
              <value>
                <![CDATA[1300]]>
              </value>
            </param>
            <param index="7">
              <value>
                <![CDATA[2135]]>
              </value>
            </param>
            <param index="8">
              <value>
                <![CDATA[4565]]>
              </value>
            </param>
          </params>
          <reporter-output>
          </reporter-output>
        </test-method> <!-- loginAsAdmin -->
        <test-method status="PASS" signature="teardown()[pri:0, instance:happytrip.com.Login@131276c2]" name="teardown" is-config="true" duration-ms="91" started-at="2020-07-06T19:13:22 IST" finished-at="2020-07-06T19:13:22 IST">
          <reporter-output>
          </reporter-output>
        </test-method> <!-- teardown -->
        <test-method status="PASS" signature="TestSetup()[pri:0, instance:happytrip.com.Login@131276c2]" name="TestSetup" is-config="true" duration-ms="9867" started-at="2020-07-06T19:13:22 IST" finished-at="2020-07-06T19:13:32 IST">
          <reporter-output>
          </reporter-output>
        </test-method> <!-- TestSetup -->
        <test-method status="PASS" signature="loginAsAdmin(java.lang.String, java.lang.String, java.lang.String, java.lang.String, java.lang.String, java.lang.String, java.lang.String, java.lang.String, java.lang.String)[pri:0, instance:happytrip.com.Login@131276c2]" name="loginAsAdmin" duration-ms="6743" started-at="2020-07-06T19:13:32 IST" data-provider="empLogin" finished-at="2020-07-06T19:13:38 IST">
          <params>
            <param index="0">
              <value>
                <![CDATA[admin@mindtree.com]]>
              </value>
            </param>
            <param index="1">
              <value>
                <![CDATA[admin]]>
              </value>
            </param>
            <param index="2">
              <value>
                <![CDATA[$$$$]]>
              </value>
            </param>
            <param index="3">
              <value>
                <![CDATA[10]]>
              </value>
            </param>
            <param index="4">
              <value>
                <![CDATA[1354]]>
              </value>
            </param>
            <param index="5">
              <value>
                <![CDATA[1000]]>
              </value>
            </param>
            <param index="6">
              <value>
                <![CDATA[1400]]>
              </value>
            </param>
            <param index="7">
              <value>
                <![CDATA[2135]]>
              </value>
            </param>
            <param index="8">
              <value>
                <![CDATA[7584]]>
              </value>
            </param>
          </params>
          <reporter-output>
          </reporter-output>
        </test-method> <!-- loginAsAdmin -->
        <test-method status="PASS" signature="teardown()[pri:0, instance:happytrip.com.Login@131276c2]" name="teardown" is-config="true" duration-ms="120" started-at="2020-07-06T19:13:38 IST" finished-at="2020-07-06T19:13:39 IST">
          <reporter-output>
          </reporter-output>
        </test-method> <!-- teardown -->
      </class> <!-- happytrip.com.Login -->
    </test> <!-- Flight Schedule Tests -->
  </suite> <!-- HappyTrip Test Suite -->
</testng-results>
