<?xml version="1.0" encoding="UTF-8"?>
<!-- Generated by org.testng.reporters.JUnitXMLReporter -->
<testsuite hostname="LAPTOP-5I3A2SA0" ignored="0" name="Flight Schedule Tests" tests="10" failures="0" timestamp="2020-07-06T19:13:39 IST" time="168.325" errors="0">
  <testcase name="loginAsAdmin" time="7.711" classname="happytrip.com.Login"/>
  <testcase name="loginAsAdmin" time="6.958" classname="happytrip.com.Login"/>
  <testcase name="loginAsAdmin" time="6.717" classname="happytrip.com.Login"/>
  <testcase name="loginAsAdmin" time="6.552" classname="happytrip.com.Login"/>
  <testcase name="loginAsAdmin" time="5.775" classname="happytrip.com.Login"/>
  <testcase name="loginAsAdmin" time="7.077" classname="happytrip.com.Login"/>
  <testcase name="loginAsAdmin" time="5.786" classname="happytrip.com.Login"/>
  <testcase name="loginAsAdmin" time="7.506" classname="happytrip.com.Login"/>
  <testcase name="loginAsAdmin" time="5.644" classname="happytrip.com.Login"/>
  <testcase name="loginAsAdmin" time="6.743" classname="happytrip.com.Login"/>
</testsuite> <!-- Flight Schedule Tests -->
